{
  "RSpec": {
    "coverage": {
      "/Users/dev/devsinc/etc/banking-app/spec/models/transaction_spec.rb": {
        "lines": [
          null,
          null,
          1,
          null,
          1,
          33,
          4,
          33,
          23,
          4,
          1,
          null,
          1,
          2,
          2,
          null,
          null,
          1,
          2,
          2,
          2,
          null,
          null,
          1,
          1,
          3,
          1,
          1,
          null,
          null,
          1,
          1,
          1,
          1,
          null,
          null,
          null,
          1,
          1,
          2,
          2,
          2,
          2,
          null,
          1,
          1,
          1,
          null,
          null,
          1,
          1,
          1,
          1,
          1,
          null,
          null,
          null,
          null,
          1,
          1,
          1,
          null,
          null,
          1,
          1,
          1,
          null,
          null,
          null,
          1,
          3,
          null,
          1,
          1,
          1,
          null,
          null,
          1,
          1,
          1,
          1,
          null,
          null,
          null,
          1,
          1,
          3,
          null,
          null,
          1,
          1,
          1,
          null,
          null,
          1,
          1,
          1,
          1,
          1,
          null,
          null,
          1,
          1,
          1,
          1,
          1,
          1,
          null,
          null,
          null,
          null,
          1,
          1,
          2,
          1,
          1,
          null,
          null,
          1,
          1,
          1,
          1,
          null,
          null,
          null,
          1,
          2,
          1,
          1,
          null,
          null,
          1,
          1,
          1,
          1,
          null,
          null,
          null,
          1,
          2,
          1,
          1,
          null,
          null,
          1,
          1,
          1,
          1,
          1,
          1,
          null,
          null,
          null,
          1,
          2,
          2,
          1,
          1,
          null,
          null,
          1,
          1,
          1,
          1,
          1,
          1,
          1,
          null,
          null,
          null,
          1,
          2,
          2,
          1,
          1,
          null,
          null,
          1,
          1,
          1,
          1,
          1,
          null,
          null,
          null,
          1,
          2,
          2,
          1,
          1,
          null,
          1,
          1,
          null,
          null,
          1,
          1,
          1,
          1,
          1,
          1,
          null,
          null,
          null,
          null,
          1,
          1,
          1,
          2,
          2,
          1,
          1,
          null,
          null,
          1,
          1,
          1,
          1,
          1,
          null,
          null,
          null,
          1,
          2,
          2,
          1,
          1,
          null,
          1,
          1,
          null,
          null,
          1,
          1,
          1,
          1,
          1,
          1,
          null,
          null,
          null,
          null,
          null,
          1,
          1,
          1,
          4,
          null,
          null,
          1,
          1,
          null,
          null,
          1,
          1,
          1,
          1,
          null,
          null,
          1,
          1,
          1,
          1,
          null,
          null,
          1,
          1,
          1,
          1,
          1,
          1,
          null,
          null,
          null,
          null,
          1,
          3,
          null,
          1,
          1,
          1,
          1,
          null,
          null,
          null,
          1,
          1,
          1,
          1,
          1,
          1,
          null,
          null,
          null,
          null,
          1,
          1,
          2,
          null,
          null,
          1,
          1,
          1,
          1,
          1,
          null,
          null,
          null,
          1,
          1,
          1,
          1,
          1,
          1,
          1,
          null,
          null,
          null,
          null,
          null,
          1,
          1,
          1,
          1,
          1,
          null,
          null,
          1,
          1,
          null,
          null,
          null,
          1,
          2,
          null,
          1,
          1,
          null,
          null,
          null,
          null,
          1,
          1,
          2,
          null,
          null,
          1,
          1,
          null,
          null,
          1,
          1,
          1,
          2,
          null,
          null,
          null,
          null,
          1,
          3,
          1,
          null,
          null
        ]
      },
      "/Users/dev/devsinc/etc/banking-app/spec/rails_helper.rb": {
        "lines": [
          null,
          null,
          null,
          1,
          1,
          null,
          1,
          1,
          1,
          1,
          null,
          null,
          null,
          null,
          null,
          null,
          null,
          null,
          null,
          null,
          null,
          null,
          null,
          null,
          null,
          null,
          null,
          null,
          null,
          2,
          null,
          null,
          1,
          null,
          0,
          0,
          null,
          1,
          null,
          1,
          null,
          null,
          null,
          null,
          1,
          null,
          null,
          null,
          null,
          null,
          null,
          null,
          null,
          null,
          null,
          null,
          null,
          null,
          null,
          null,
          null,
          null,
          1,
          null,
          null,
          1,
          null,
          null,
          null,
          null,
          1,
          1,
          1,
          1,
          null,
          null,
          null,
          1,
          null,
          1,
          null,
          1,
          null,
          1,
          null
        ]
      },
      "/Users/dev/devsinc/etc/banking-app/config/environment.rb": {
        "lines": [
          null,
          null,
          null,
          1,
          null,
          1,
          1,
          1,
          5,
          null,
          null,
          null,
          null,
          1
        ]
      },
      "/Users/dev/devsinc/etc/banking-app/config/application.rb": {
        "lines": [
          null,
          null,
          1,
          null,
          1,
          null,
          1,
          1,
          1,
          1,
          1,
          1,
          1,
          null,
          1,
          null,
          null,
          null,
          1,
          null,
          1,
          1,
          null,
          1,
          null,
          null,
          null,
          null,
          null,
          null,
          null,
          null,
          null,
          null,
          null,
          null,
          1,
          1,
          null,
          null
        ]
      },
      "/Users/dev/devsinc/etc/banking-app/config/boot.rb": {
        "lines": [
          null,
          null,
          1,
          null,
          1,
          1
        ]
      },
      "/Users/dev/devsinc/etc/banking-app/config/environments/test.rb": {
        "lines": [
          null,
          null,
          1,
          null,
          null,
          null,
          null,
          null,
          null,
          1,
          null,
          null,
          1,
          1,
          null,
          null,
          null,
          null,
          1,
          null,
          null,
          1,
          1,
          null,
          null,
          null,
          null,
          1,
          1,
          1,
          null,
          null,
          1,
          null,
          null,
          1,
          null,
          null,
          1,
          null,
          1,
          null,
          null,
          null,
          null,
          1,
          null,
          null,
          1,
          null,
          null,
          1,
          null,
          null,
          1,
          null,
          null,
          null,
          null,
          null,
          null,
          null
        ]
      },
      "/Users/dev/devsinc/etc/banking-app/config/initializers/application_controller_renderer.rb": {
        "lines": [
          null,
          null,
          null,
          null,
          null,
          null,
          null,
          null,
          null
        ]
      },
      "/Users/dev/devsinc/etc/banking-app/config/initializers/backtrace_silencers.rb": {
        "lines": [
          null,
          null,
          null,
          null,
          null,
          null,
          null,
          null,
          null,
          1
        ]
      },
      "/Users/dev/devsinc/etc/banking-app/config/initializers/cors.rb": {
        "lines": [
          null,
          null,
          null,
          null,
          null,
          null,
          null,
          null,
          null,
          null,
          null,
          null,
          null,
          null,
          null,
          null,
          null
        ]
      },
      "/Users/dev/devsinc/etc/banking-app/config/initializers/filter_parameter_logging.rb": {
        "lines": [
          null,
          null,
          null,
          null,
          null,
          1,
          null,
          null
        ]
      },
      "/Users/dev/devsinc/etc/banking-app/config/initializers/inflections.rb": {
        "lines": [
          null,
          null,
          null,
          null,
          null,
          null,
          null,
          null,
          null,
          null,
          null,
          null,
          null,
          null,
          null,
          null,
          null
        ]
      },
      "/Users/dev/devsinc/etc/banking-app/config/initializers/mime_types.rb": {
        "lines": [
          null,
          null,
          null,
          null,
          null
        ]
      },
      "/Users/dev/devsinc/etc/banking-app/config/initializers/money.rb": {
        "lines": [
          null,
          null,
          1,
          1,
          1,
          1,
          null
        ]
      },
      "/Users/dev/devsinc/etc/banking-app/config/initializers/redis_mutex.rb": {
        "lines": [
          null,
          null,
          1
        ]
      },
      "/Users/dev/devsinc/etc/banking-app/config/initializers/sidekiq.rb": {
        "lines": [
          null,
          null,
          1,
          1
        ]
      },
      "/Users/dev/devsinc/etc/banking-app/config/initializers/wrap_parameters.rb": {
        "lines": [
          null,
          null,
          null,
          null,
          null,
          null,
          null,
          null,
          1,
          1,
          null,
          null,
          null,
          null,
          null,
          null
        ]
      },
      "/Users/dev/devsinc/etc/banking-app/spec/factories/account.rb": {
        "lines": [
          null,
          null,
          1,
          1,
          58,
          1,
          58,
          null,
          1,
          57,
          null,
          null,
          null,
          null,
          null,
          null
        ]
      },
      "/Users/dev/devsinc/etc/banking-app/spec/factories/bank.rb": {
        "lines": [
          null,
          null,
          1,
          1,
          36,
          null,
          null
        ]
      },
      "/Users/dev/devsinc/etc/banking-app/spec/factories/transaction.rb": {
        "lines": [
          null,
          null,
          1,
          1,
          1,
          1,
          50,
          107,
          25,
          107,
          107,
          null,
          null
        ]
      },
      "/Users/dev/devsinc/etc/banking-app/config/routes.rb": {
        "lines": [
          null,
          null,
          1,
          1,
          1,
          1,
          1,
          1,
          2,
          null,
          null,
          null,
          null
        ]
      },
      "/Users/dev/devsinc/etc/banking-app/spec/support/shared_examples/soft_deletion_spec.rb": {
        "lines": [
          null,
          null,
          1,
          1,
          2,
          null,
          null,
          1,
          1,
          null,
          null,
          1,
          1,
          null,
          null
        ]
      },
      "/Users/dev/devsinc/etc/banking-app/app/models/transaction.rb": {
        "lines": [
          null,
          null,
          1,
          1,
          null,
          1,
          null,
          1,
          1,
          null,
          1,
          null,
          1,
          1,
          null,
          1,
          1,
          1,
          null,
          1,
          396,
          199,
          199,
          1,
          null,
          2,
          2,
          2,
          2,
          1,
          2,
          2,
          null,
          null,
          null,
          1,
          2,
          null,
          null,
          1,
          1,
          187,
          null,
          1,
          null,
          1,
          2,
          1,
          1,
          1,
          null,
          null,
          2,
          null,
          null,
          1,
          106,
          null,
          79,
          79,
          null,
          1,
          null,
          null,
          1,
          2,
          null,
          null,
          null,
          null,
          1,
          1,
          null,
          1,
          1,
          null,
          null,
          null,
          1,
          82,
          null,
          82,
          82,
          82,
          null,
          null,
          82,
          81,
          81,
          null,
          81,
          null,
          1,
          null,
          82,
          82,
          82,
          null,
          null,
          82,
          null,
          null,
          1,
          null,
          1,
          396,
          null,
          null,
          1,
          184,
          null,
          null,
          1,
          110,
          null,
          1,
          null,
          null,
          1,
          198,
          null,
          null,
          2,
          null,
          null,
          1,
          31,
          null,
          1,
          null,
          null,
          1,
          106,
          null,
          1,
          null,
          null,
          1,
          106,
          106,
          106,
          null,
          2,
          null,
          null,
          1,
          111,
          null,
          null,
          1,
          5,
          null,
          2,
          null,
          null,
          1,
          79,
          79,
          79,
          null,
          79,
          79,
          null,
          null,
          79,
          null,
          null
        ]
      },
      "/Users/dev/devsinc/etc/banking-app/app/models/application_record.rb": {
        "lines": [
          null,
          null,
          1,
          1,
          null
        ]
      },
      "/Users/dev/devsinc/etc/banking-app/app/models/concerns/orderable.rb": {
        "lines": [
          null,
          null,
          null,
          1,
          1,
          null,
          1,
          2,
          0,
          0,
          0,
          null,
          0,
          null,
          null,
          null
        ]
      },
      "/Users/dev/devsinc/etc/banking-app/app/models/bank.rb": {
        "lines": [
          null,
          null,
          1,
          1,
          null,
          5,
          1,
          1,
          null,
          1,
          null
        ]
      },
      "/Users/dev/devsinc/etc/banking-app/app/models/account.rb": {
        "lines": [
          null,
          null,
          1,
          1,
          1,
          null,
          1,
          null,
          1,
          null,
          1,
          1,
          null,
          1,
          null,
          1,
          null,
          1,
          null,
          1,
          0,
          null,
          null,
          1,
          92,
          null,
          null,
          92,
          92,
          92,
          null,
          0,
          0,
          null,
          92,
          null,
          null,
          92,
          null,
          null
        ]
      }
    },
    "timestamp": 1635187645
  }
}
